<?xml version="1.0" encoding="UTF-8"?>
<coverage generated="1518872276938" clover="3.2.0">
  <project timestamp="1518872276938" name="All files">
    <metrics statements="58" coveredstatements="49" conditionals="19" coveredconditionals="11" methods="13" coveredmethods="11" elements="90" coveredelements="71" complexity="0" loc="58" ncloc="58" packages="3" files="5" classes="5">
      <package name="authAPI">
        <metrics statements="11" coveredstatements="7" conditionals="4" coveredconditionals="1" methods="1" coveredmethods="0"/>
        <file name="server.js" path="/Users/anmolvarma/tech-university/authAPI/server.js">
          <metrics statements="11" coveredstatements="7" conditionals="4" coveredconditionals="1" methods="1" coveredmethods="0"/>
          <line num="1" count="1" type="stmt"/>
          <line num="2" count="1" type="stmt"/>
          <line num="4" count="1" type="stmt"/>
          <line num="5" count="1" type="stmt"/>
          <line num="9" count="1" type="stmt"/>
          <line num="11" count="1" type="cond" truecount="1" falsecount="1"/>
          <line num="12" count="0" type="stmt"/>
          <line num="13" count="0" type="cond" truecount="0" falsecount="2"/>
          <line num="14" count="0" type="stmt"/>
          <line num="16" count="0" type="stmt"/>
          <line num="20" count="1" type="stmt"/>
        </file>
      </package>
      <package name="authAPI.models">
        <metrics statements="23" coveredstatements="21" conditionals="9" coveredconditionals="6" methods="4" coveredmethods="4"/>
        <file name="index.js" path="/Users/anmolvarma/tech-university/authAPI/models/index.js">
          <metrics statements="20" coveredstatements="18" conditionals="9" coveredconditionals="6" methods="3" coveredmethods="3"/>
          <line num="3" count="1" type="stmt"/>
          <line num="4" count="1" type="stmt"/>
          <line num="5" count="1" type="stmt"/>
          <line num="6" count="1" type="stmt"/>
          <line num="7" count="1" type="cond" truecount="1" falsecount="1"/>
          <line num="8" count="1" type="stmt"/>
          <line num="9" count="1" type="stmt"/>
          <line num="11" count="1" type="cond" truecount="1" falsecount="1"/>
          <line num="12" count="0" type="stmt"/>
          <line num="14" count="1" type="stmt"/>
          <line num="17" count="1" type="stmt"/>
          <line num="20" count="2" type="cond" truecount="3" falsecount="0"/>
          <line num="23" count="1" type="stmt"/>
          <line num="24" count="1" type="stmt"/>
          <line num="27" count="1" type="stmt"/>
          <line num="28" count="1" type="cond" truecount="1" falsecount="1"/>
          <line num="29" count="0" type="stmt"/>
          <line num="33" count="1" type="stmt"/>
          <line num="34" count="1" type="stmt"/>
          <line num="36" count="1" type="stmt"/>
        </file>
        <file name="user_authenticate.js" path="/Users/anmolvarma/tech-university/authAPI/models/user_authenticate.js">
          <metrics statements="3" coveredstatements="3" conditionals="0" coveredconditionals="0" methods="1" coveredmethods="1"/>
          <line num="2" count="1" type="stmt"/>
          <line num="3" count="1" type="stmt"/>
          <line num="14" count="1" type="stmt"/>
        </file>
      </package>
      <package name="authAPI.routes">
        <metrics statements="24" coveredstatements="21" conditionals="6" coveredconditionals="4" methods="8" coveredmethods="7"/>
        <file name="authRequest.js" path="/Users/anmolvarma/tech-university/authAPI/routes/authRequest.js">
          <metrics statements="22" coveredstatements="19" conditionals="6" coveredconditionals="4" methods="8" coveredmethods="7"/>
          <line num="1" count="1" type="stmt"/>
          <line num="2" count="1" type="stmt"/>
          <line num="4" count="1" type="stmt"/>
          <line num="6" count="5" type="stmt"/>
          <line num="13" count="4" type="stmt"/>
          <line num="22" count="1" type="stmt"/>
          <line num="23" count="5" type="stmt"/>
          <line num="24" count="5" type="cond" truecount="2" falsecount="0"/>
          <line num="25" count="4" type="cond" truecount="1" falsecount="1"/>
          <line num="26" count="4" type="stmt"/>
          <line num="28" count="4" type="cond" truecount="1" falsecount="1"/>
          <line num="29" count="4" type="stmt"/>
          <line num="33" count="0" type="stmt"/>
          <line num="38" count="0" type="stmt"/>
          <line num="42" count="1" type="stmt"/>
          <line num="46" count="1" type="stmt"/>
          <line num="52" count="5" type="stmt"/>
          <line num="53" count="5" type="stmt"/>
          <line num="54" count="5" type="stmt"/>
          <line num="55" count="5" type="stmt"/>
          <line num="56" count="5" type="stmt"/>
          <line num="59" count="0" type="stmt"/>
        </file>
        <file name="index.js" path="/Users/anmolvarma/tech-university/authAPI/routes/index.js">
          <metrics statements="2" coveredstatements="2" conditionals="0" coveredconditionals="0" methods="0" coveredmethods="0"/>
          <line num="1" count="1" type="stmt"/>
          <line num="4" count="1" type="stmt"/>
        </file>
      </package>
    </metrics>
  </project>
</coverage>
