{"/Users/anmolvarma/tech-university/authAPI/server.js": {"path":"/Users/anmolvarma/tech-university/authAPI/server.js","statementMap":{"0":{"start":{"line":1,"column":13},"end":{"line":1,"column":28}},"1":{"start":{"line":2,"column":15},"end":{"line":2,"column":34}},"2":{"start":{"line":4,"column":15},"end":{"line":4,"column":32}},"3":{"start":{"line":5,"column":0},"end":{"line":8,"column":3}},"4":{"start":{"line":9,"column":0},"end":{"line":9,"column":21}},"5":{"start":{"line":11,"column":0},"end":{"line":18,"column":1}},"6":{"start":{"line":12,"column":2},"end":{"line":17,"column":5}},"7":{"start":{"line":13,"column":4},"end":{"line":15,"column":5}},"8":{"start":{"line":14,"column":6},"end":{"line":14,"column":18}},"9":{"start":{"line":16,"column":4},"end":{"line":16,"column":47}},"10":{"start":{"line":20,"column":0},"end":{"line":20,"column":24}}},"fnMap":{"0":{"name":"(anonymous_0)","decl":{"start":{"line":12,"column":15},"end":{"line":12,"column":16}},"loc":{"start":{"line":12,"column":24},"end":{"line":17,"column":3}},"line":12}},"branchMap":{"0":{"loc":{"start":{"line":11,"column":0},"end":{"line":18,"column":1}},"type":"if","locations":[{"start":{"line":11,"column":0},"end":{"line":18,"column":1}},{"start":{"line":11,"column":0},"end":{"line":18,"column":1}}],"line":11},"1":{"loc":{"start":{"line":13,"column":4},"end":{"line":15,"column":5}},"type":"if","locations":[{"start":{"line":13,"column":4},"end":{"line":15,"column":5}},{"start":{"line":13,"column":4},"end":{"line":15,"column":5}}],"line":13}},"s":{"0":1,"1":1,"2":1,"3":1,"4":1,"5":1,"6":0,"7":0,"8":0,"9":0,"10":1},"f":{"0":0},"b":{"0":[0,1],"1":[0,0]},"_coverageSchema":"332fd63041d2c1bcb487cc26dd0d5f7d97098a6c","hash":"cef5fa70fb26caf0787747aaea9b334179e28a64"}
,"/Users/anmolvarma/tech-university/authAPI/models/index.js": {"path":"/Users/anmolvarma/tech-university/authAPI/models/index.js","statementMap":{"0":{"start":{"line":3,"column":16},"end":{"line":3,"column":29}},"1":{"start":{"line":4,"column":16},"end":{"line":4,"column":31}},"2":{"start":{"line":5,"column":16},"end":{"line":5,"column":36}},"3":{"start":{"line":6,"column":16},"end":{"line":6,"column":41}},"4":{"start":{"line":7,"column":16},"end":{"line":7,"column":53}},"5":{"start":{"line":8,"column":16},"end":{"line":8,"column":66}},"6":{"start":{"line":9,"column":16},"end":{"line":9,"column":18}},"7":{"start":{"line":11,"column":0},"end":{"line":15,"column":1}},"8":{"start":{"line":12,"column":18},"end":{"line":12,"column":77}},"9":{"start":{"line":14,"column":18},"end":{"line":14,"column":90}},"10":{"start":{"line":17,"column":0},"end":{"line":25,"column":5}},"11":{"start":{"line":20,"column":4},"end":{"line":20,"column":90}},"12":{"start":{"line":23,"column":16},"end":{"line":23,"column":63}},"13":{"start":{"line":24,"column":4},"end":{"line":24,"column":27}},"14":{"start":{"line":27,"column":0},"end":{"line":31,"column":3}},"15":{"start":{"line":28,"column":2},"end":{"line":30,"column":3}},"16":{"start":{"line":29,"column":4},"end":{"line":29,"column":32}},"17":{"start":{"line":33,"column":0},"end":{"line":33,"column":25}},"18":{"start":{"line":34,"column":0},"end":{"line":34,"column":25}},"19":{"start":{"line":36,"column":0},"end":{"line":36,"column":20}}},"fnMap":{"0":{"name":"(anonymous_0)","decl":{"start":{"line":19,"column":10},"end":{"line":19,"column":11}},"loc":{"start":{"line":19,"column":18},"end":{"line":21,"column":3}},"line":19},"1":{"name":"(anonymous_1)","decl":{"start":{"line":22,"column":11},"end":{"line":22,"column":12}},"loc":{"start":{"line":22,"column":19},"end":{"line":25,"column":3}},"line":22},"2":{"name":"(anonymous_2)","decl":{"start":{"line":27,"column":24},"end":{"line":27,"column":25}},"loc":{"start":{"line":27,"column":37},"end":{"line":31,"column":1}},"line":27}},"branchMap":{"0":{"loc":{"start":{"line":7,"column":16},"end":{"line":7,"column":53}},"type":"binary-expr","locations":[{"start":{"line":7,"column":16},"end":{"line":7,"column":36}},{"start":{"line":7,"column":40},"end":{"line":7,"column":53}}],"line":7},"1":{"loc":{"start":{"line":11,"column":0},"end":{"line":15,"column":1}},"type":"if","locations":[{"start":{"line":11,"column":0},"end":{"line":15,"column":1}},{"start":{"line":11,"column":0},"end":{"line":15,"column":1}}],"line":11},"2":{"loc":{"start":{"line":20,"column":11},"end":{"line":20,"column":89}},"type":"binary-expr","locations":[{"start":{"line":20,"column":12},"end":{"line":20,"column":35}},{"start":{"line":20,"column":41},"end":{"line":20,"column":58}},{"start":{"line":20,"column":64},"end":{"line":20,"column":88}}],"line":20},"3":{"loc":{"start":{"line":28,"column":2},"end":{"line":30,"column":3}},"type":"if","locations":[{"start":{"line":28,"column":2},"end":{"line":30,"column":3}},{"start":{"line":28,"column":2},"end":{"line":30,"column":3}}],"line":28}},"s":{"0":1,"1":1,"2":1,"3":1,"4":1,"5":1,"6":1,"7":1,"8":0,"9":1,"10":1,"11":2,"12":1,"13":1,"14":1,"15":1,"16":0,"17":1,"18":1,"19":1},"f":{"0":2,"1":1,"2":1},"b":{"0":[1,0],"1":[0,1],"2":[2,2,1],"3":[0,1]},"_coverageSchema":"332fd63041d2c1bcb487cc26dd0d5f7d97098a6c","hash":"d901505f24dcd50e8250d347524599337feb1282"}
,"/Users/anmolvarma/tech-university/authAPI/models/user_authenticate.js": {"path":"/Users/anmolvarma/tech-university/authAPI/models/user_authenticate.js","statementMap":{"0":{"start":{"line":2,"column":0},"end":{"line":15,"column":2}},"1":{"start":{"line":3,"column":27},"end":{"line":13,"column":4}},"2":{"start":{"line":14,"column":2},"end":{"line":14,"column":26}}},"fnMap":{"0":{"name":"(anonymous_0)","decl":{"start":{"line":2,"column":17},"end":{"line":2,"column":18}},"loc":{"start":{"line":2,"column":43},"end":{"line":15,"column":1}},"line":2}},"branchMap":{},"s":{"0":1,"1":1,"2":1},"f":{"0":1},"b":{},"_coverageSchema":"332fd63041d2c1bcb487cc26dd0d5f7d97098a6c","hash":"b21d36dd7e2c9adf0f59df2bd0760d8c1453bb24"}
,"/Users/anmolvarma/tech-university/authAPI/routes/authRequest.js": {"path":"/Users/anmolvarma/tech-university/authAPI/routes/authRequest.js","statementMap":{"0":{"start":{"line":1,"column":15},"end":{"line":1,"column":33}},"1":{"start":{"line":2,"column":15},"end":{"line":2,"column":35}},"2":{"start":{"line":4,"column":12},"end":{"line":4,"column":26}},"3":{"start":{"line":6,"column":23},"end":{"line":11,"column":2}},"4":{"start":{"line":6,"column":47},"end":{"line":11,"column":2}},"5":{"start":{"line":13,"column":25},"end":{"line":19,"column":2}},"6":{"start":{"line":13,"column":46},"end":{"line":19,"column":2}},"7":{"start":{"line":22,"column":18},"end":{"line":43,"column":1}},"8":{"start":{"line":23,"column":18},"end":{"line":23,"column":26}},"9":{"start":{"line":24,"column":2},"end":{"line":39,"column":3}},"10":{"start":{"line":25,"column":4},"end":{"line":35,"column":5}},"11":{"start":{"line":26,"column":6},"end":{"line":34,"column":9}},"12":{"start":{"line":28,"column":8},"end":{"line":30,"column":9}},"13":{"start":{"line":29,"column":10},"end":{"line":29,"column":97}},"14":{"start":{"line":33,"column":8},"end":{"line":33,"column":86}},"15":{"start":{"line":38,"column":4},"end":{"line":38,"column":109}},"16":{"start":{"line":42,"column":2},"end":{"line":42,"column":113}},"17":{"start":{"line":46,"column":0},"end":{"line":70,"column":2}},"18":{"start":{"line":52,"column":25},"end":{"line":52,"column":49}},"19":{"start":{"line":53,"column":25},"end":{"line":53,"column":53}},"20":{"start":{"line":54,"column":8},"end":{"line":60,"column":11}},"21":{"start":{"line":55,"column":10},"end":{"line":57,"column":13}},"22":{"start":{"line":56,"column":12},"end":{"line":56,"column":81}},"23":{"start":{"line":59,"column":10},"end":{"line":59,"column":84}}},"fnMap":{"0":{"name":"(anonymous_0)","decl":{"start":{"line":6,"column":23},"end":{"line":6,"column":24}},"loc":{"start":{"line":6,"column":47},"end":{"line":11,"column":2}},"line":6},"1":{"name":"(anonymous_1)","decl":{"start":{"line":13,"column":25},"end":{"line":13,"column":26}},"loc":{"start":{"line":13,"column":46},"end":{"line":19,"column":2}},"line":13},"2":{"name":"(anonymous_2)","decl":{"start":{"line":22,"column":18},"end":{"line":22,"column":19}},"loc":{"start":{"line":22,"column":43},"end":{"line":43,"column":1}},"line":22},"3":{"name":"(anonymous_3)","decl":{"start":{"line":26,"column":54},"end":{"line":26,"column":55}},"loc":{"start":{"line":26,"column":69},"end":{"line":34,"column":7}},"line":26},"4":{"name":"(anonymous_4)","decl":{"start":{"line":51,"column":15},"end":{"line":51,"column":16}},"loc":{"start":{"line":51,"column":38},"end":{"line":61,"column":7}},"line":51},"5":{"name":"(anonymous_5)","decl":{"start":{"line":54,"column":48},"end":{"line":54,"column":49}},"loc":{"start":{"line":54,"column":63},"end":{"line":58,"column":9}},"line":54},"6":{"name":"(anonymous_6)","decl":{"start":{"line":55,"column":46},"end":{"line":55,"column":47}},"loc":{"start":{"line":55,"column":65},"end":{"line":57,"column":11}},"line":55},"7":{"name":"(anonymous_7)","decl":{"start":{"line":58,"column":17},"end":{"line":58,"column":18}},"loc":{"start":{"line":58,"column":26},"end":{"line":60,"column":9}},"line":58}},"branchMap":{"0":{"loc":{"start":{"line":24,"column":2},"end":{"line":39,"column":3}},"type":"if","locations":[{"start":{"line":24,"column":2},"end":{"line":39,"column":3}},{"start":{"line":24,"column":2},"end":{"line":39,"column":3}}],"line":24},"1":{"loc":{"start":{"line":25,"column":4},"end":{"line":35,"column":5}},"type":"if","locations":[{"start":{"line":25,"column":4},"end":{"line":35,"column":5}},{"start":{"line":25,"column":4},"end":{"line":35,"column":5}}],"line":25},"2":{"loc":{"start":{"line":28,"column":8},"end":{"line":30,"column":9}},"type":"if","locations":[{"start":{"line":28,"column":8},"end":{"line":30,"column":9}},{"start":{"line":28,"column":8},"end":{"line":30,"column":9}}],"line":28}},"s":{"0":1,"1":1,"2":1,"3":1,"4":5,"5":1,"6":4,"7":1,"8":5,"9":5,"10":4,"11":4,"12":4,"13":4,"14":0,"15":0,"16":1,"17":1,"18":5,"19":5,"20":5,"21":5,"22":5,"23":0},"f":{"0":5,"1":4,"2":5,"3":4,"4":5,"5":5,"6":5,"7":0},"b":{"0":[4,1],"1":[4,0],"2":[4,0]},"_coverageSchema":"332fd63041d2c1bcb487cc26dd0d5f7d97098a6c","hash":"a24401514be7decc3ef9476d1675e4758613d46d"}
,"/Users/anmolvarma/tech-university/authAPI/routes/index.js": {"path":"/Users/anmolvarma/tech-university/authAPI/routes/index.js","statementMap":{"0":{"start":{"line":1,"column":13},"end":{"line":1,"column":37}},"1":{"start":{"line":4,"column":0},"end":{"line":4,"column":33}}},"fnMap":{},"branchMap":{},"s":{"0":1,"1":1},"f":{},"b":{},"_coverageSchema":"332fd63041d2c1bcb487cc26dd0d5f7d97098a6c","hash":"01532249b6bd0720e57223f5a0bc79de36b06e3e"}
}
