TN:
SF:/Users/anmolvarma/tech-university/authAPI/server.js
FN:12,(anonymous_0)
FNF:1
FNH:0
FNDA:0,(anonymous_0)
DA:1,1
DA:2,1
DA:4,1
DA:5,1
DA:9,1
DA:11,1
DA:12,0
DA:13,0
DA:14,0
DA:16,0
DA:20,1
LF:11
LH:7
BRDA:11,0,0,0
BRDA:11,0,1,1
BRDA:13,1,0,0
BRDA:13,1,1,0
BRF:4
BRH:1
end_of_record
TN:
SF:/Users/anmolvarma/tech-university/authAPI/models/index.js
FN:19,(anonymous_0)
FN:22,(anonymous_1)
FN:27,(anonymous_2)
FNF:3
FNH:3
FNDA:2,(anonymous_0)
FNDA:1,(anonymous_1)
FNDA:1,(anonymous_2)
DA:3,1
DA:4,1
DA:5,1
DA:6,1
DA:7,1
DA:8,1
DA:9,1
DA:11,1
DA:12,0
DA:14,1
DA:17,1
DA:20,2
DA:23,1
DA:24,1
DA:27,1
DA:28,1
DA:29,0
DA:33,1
DA:34,1
DA:36,1
LF:20
LH:18
BRDA:7,0,0,1
BRDA:7,0,1,0
BRDA:11,1,0,0
BRDA:11,1,1,1
BRDA:20,2,0,2
BRDA:20,2,1,2
BRDA:20,2,2,1
BRDA:28,3,0,0
BRDA:28,3,1,1
BRF:9
BRH:6
end_of_record
TN:
SF:/Users/anmolvarma/tech-university/authAPI/models/user_authenticate.js
FN:2,(anonymous_0)
FNF:1
FNH:1
FNDA:1,(anonymous_0)
DA:2,1
DA:3,1
DA:14,1
LF:3
LH:3
BRF:0
BRH:0
end_of_record
TN:
SF:/Users/anmolvarma/tech-university/authAPI/routes/authRequest.js
FN:6,(anonymous_0)
FN:13,(anonymous_1)
FN:22,(anonymous_2)
FN:26,(anonymous_3)
FN:51,(anonymous_4)
FN:54,(anonymous_5)
FN:55,(anonymous_6)
FN:58,(anonymous_7)
FNF:8
FNH:7
FNDA:5,(anonymous_0)
FNDA:4,(anonymous_1)
FNDA:5,(anonymous_2)
FNDA:4,(anonymous_3)
FNDA:5,(anonymous_4)
FNDA:5,(anonymous_5)
FNDA:5,(anonymous_6)
FNDA:0,(anonymous_7)
DA:1,1
DA:2,1
DA:4,1
DA:6,5
DA:13,4
DA:22,1
DA:23,5
DA:24,5
DA:25,4
DA:26,4
DA:28,4
DA:29,4
DA:33,0
DA:38,0
DA:42,1
DA:46,1
DA:52,5
DA:53,5
DA:54,5
DA:55,5
DA:56,5
DA:59,0
LF:22
LH:19
BRDA:24,0,0,4
BRDA:24,0,1,1
BRDA:25,1,0,4
BRDA:25,1,1,0
BRDA:28,2,0,4
BRDA:28,2,1,0
BRF:6
BRH:4
end_of_record
TN:
SF:/Users/anmolvarma/tech-university/authAPI/routes/index.js
FNF:0
FNH:0
DA:1,1
DA:4,1
LF:2
LH:2
BRF:0
BRH:0
end_of_record
